Using pre-set license
Built from '2020.3/staging' branch; Version is '2020.3.3f1 (76626098c1c4) revision 7758432'; Using compiler version '192528614'; Build Type 'Release'
OS: 'Windows 10 Pro; OS build 22621.1265; Version 2009; 64bit' Language: 'ja' Physical Memory: 32694 MB
BatchMode: 1, IsHumanControllingUs: 0, StartBugReporterOnCrash: 0, Is64bit: 1, IsPro: 0

 COMMAND LINE ARGUMENTS:
C:\Program Files\Unity\Hub\Editor\2020.3.3f1\Editor\Unity.exe
-adb2
-batchMode
-noUpm
-name
AssetImportWorker0
-projectPath
C:/Users/DeveloperUchida/Downloads/3DGame
-logFile
Logs/AssetImportWorker0.log
-srvPort
64342
Successfully changed project path to: C:/Users/DeveloperUchida/Downloads/3DGame
C:/Users/DeveloperUchida/Downloads/3DGame
Using Asset Import Pipeline V2.
Refreshing native plugins compatible for Editor in 21.06 ms, found 0 plugins.
Preloading 0 native plugins for Editor in 0.00 ms.
Initialize engine version: 2020.3.3f1 (76626098c1c4)
[Subsystems] Discovering subsystems at path C:/Program Files/Unity/Hub/Editor/2020.3.3f1/Editor/Data/Resources/UnitySubsystems
[Subsystems] Discovering subsystems at path C:/Users/DeveloperUchida/Downloads/3DGame/Assets
GfxDevice: creating device client; threaded=0
Direct3D:
    Version:  Direct3D 11.0 [level 11.1]
    Renderer: NVIDIA GeForce GTX 1660 (ID=0x2184)
    Vendor:   
    VRAM:     5980 MB
    Driver:   31.0.15.2849
Initialize mono
Mono path[0] = 'C:/Program Files/Unity/Hub/Editor/2020.3.3f1/Editor/Data/Managed'
Mono path[1] = 'C:/Program Files/Unity/Hub/Editor/2020.3.3f1/Editor/Data/MonoBleedingEdge/lib/mono/unityjit'
Mono config path = 'C:/Program Files/Unity/Hub/Editor/2020.3.3f1/Editor/Data/MonoBleedingEdge/etc'
Using monoOptions --debugger-agent=transport=dt_socket,embedding=1,server=y,suspend=n,address=127.0.0.1:56356
Begin MonoManager ReloadAssembly
Registering precompiled unity dll's ...
Register platform support module: C:/Program Files/Unity/Hub/Editor/2020.3.3f1/Editor/Data/PlaybackEngines/WebGLSupport/UnityEditor.WebGL.Extensions.dll
Register platform support module: C:/Program Files/Unity/Hub/Editor/2020.3.3f1/Editor/Data/PlaybackEngines/WindowsStandaloneSupport/UnityEditor.WindowsStandalone.Extensions.dll
Registered in 0.001281 seconds.
Native extension for WindowsStandalone target not found
Native extension for WebGL target not found
Refreshing native plugins compatible for Editor in 21.14 ms, found 0 plugins.
Preloading 0 native plugins for Editor in 0.00 ms.
Invoked RoslynAnalysisRunner static constructor.
RoslynAnalysisRunner will not be running.
RoslynAnalysisRunner has terminated.
Mono: successfully reloaded assembly
- Completed reload, in  0.942 seconds
Platform modules already initialized, skipping
Registering precompiled user dll's ...
Registered in 0.000463 seconds.
Begin MonoManager ReloadAssembly
Native extension for WindowsStandalone target not found
Native extension for WebGL target not found
Refreshing native plugins compatible for Editor in 0.23 ms, found 0 plugins.
Preloading 0 native plugins for Editor in 0.00 ms.
Invoked RoslynAnalysisRunner static constructor.
RoslynAnalysisRunner will not be running.
RoslynAnalysisRunner has terminated.
Mono: successfully reloaded assembly
- Completed reload, in  0.621 seconds
Platform modules already initialized, skipping
========================================================================
Worker process is ready to serve import requests
Launched and connected shader compiler UnityShaderCompiler.exe after 0.03 seconds
Refreshing native plugins compatible for Editor in 0.22 ms, found 0 plugins.
Preloading 0 native plugins for Editor in 0.00 ms.
Unloading 1133 Unused Serialized files (Serialized files now loaded: 0)
System memory in use before: 70.0 MB.
System memory in use after: 70.1 MB.

Unloading 10 unused Assets to reduce memory usage. Loaded Objects now: 1593.
Total: 2.346200 ms (FindLiveObjects: 0.182300 ms CreateObjectMapping: 0.028400 ms MarkObjects: 2.049600 ms  DeleteObjects: 0.084700 ms)

========================================================================
Received Import Request.
  path: Assets/Material
  artifactKey: Guid(11e2307f3cf7c644c90ed3abc8b8d3c7) Importer(815301076,1909f56bfc062723c751e8b465ee728b)
Start importing Assets/Material using Guid(11e2307f3cf7c644c90ed3abc8b8d3c7) Importer(815301076,1909f56bfc062723c751e8b465ee728b)  -> (artifact id: '324c5abdfb8bf082c569b39c6b95805f') in 0.006446 seconds
  Import took 0.008228 seconds .

========================================================================
Received Prepare
Refreshing native plugins compatible for Editor in 0.62 ms, found 0 plugins.
Preloading 0 native plugins for Editor in 0.00 ms.
Unloading 3 Unused Serialized files (Serialized files now loaded: 0)
System memory in use before: 47.5 MB.
System memory in use after: 47.6 MB.

Unloading 3 unused Assets to reduce memory usage. Loaded Objects now: 1593.
Total: 1.674600 ms (FindLiveObjects: 0.165800 ms CreateObjectMapping: 0.027300 ms MarkObjects: 1.424100 ms  DeleteObjects: 0.056000 ms)

========================================================================
Received Import Request.
  Time since last request: 28.212776 seconds.
  path: Assets/Material/New Physic Material.physicMaterial
  artifactKey: Guid(80f56ab7a78c5c246bcbcc020c1cfa3c) Importer(815301076,1909f56bfc062723c751e8b465ee728b)
Start importing Assets/Material/New Physic Material.physicMaterial using Guid(80f56ab7a78c5c246bcbcc020c1cfa3c) Importer(815301076,1909f56bfc062723c751e8b465ee728b)  -> (artifact id: '816f78eb90b45cd3fabd789f9d594df2') in 0.022839 seconds
  Import took 0.024835 seconds .

========================================================================
Received Prepare
Registering precompiled user dll's ...
Registered in 0.000454 seconds.
Begin MonoManager ReloadAssembly
Native extension for WindowsStandalone target not found
Native extension for WebGL target not found
Refreshing native plugins compatible for Editor in 0.22 ms, found 0 plugins.
Preloading 0 native plugins for Editor in 0.00 ms.
Invoked RoslynAnalysisRunner static constructor.
RoslynAnalysisRunner will not be running.
RoslynAnalysisRunner has terminated.
Mono: successfully reloaded assembly
- Completed reload, in  0.609 seconds
Platform modules already initialized, skipping
Refreshing native plugins compatible for Editor in 0.24 ms, found 0 plugins.
Preloading 0 native plugins for Editor in 0.00 ms.
Unloading 1128 Unused Serialized files (Serialized files now loaded: 0)
System memory in use before: 70.0 MB.
System memory in use after: 70.0 MB.

Unloading 5 unused Assets to reduce memory usage. Loaded Objects now: 1595.
Total: 1.490200 ms (FindLiveObjects: 0.165400 ms CreateObjectMapping: 0.027900 ms MarkObjects: 1.236000 ms  DeleteObjects: 0.059900 ms)

========================================================================
Received Prepare
Registering precompiled user dll's ...
Registered in 0.000739 seconds.
Begin MonoManager ReloadAssembly
Native extension for WindowsStandalone target not found
Native extension for WebGL target not found
Refreshing native plugins compatible for Editor in 0.23 ms, found 0 plugins.
Preloading 0 native plugins for Editor in 0.00 ms.
Invoked RoslynAnalysisRunner static constructor.
RoslynAnalysisRunner will not be running.
RoslynAnalysisRunner has terminated.
Mono: successfully reloaded assembly
- Completed reload, in  0.627 seconds
Platform modules already initialized, skipping
Refreshing native plugins compatible for Editor in 0.23 ms, found 0 plugins.
Preloading 0 native plugins for Editor in 0.00 ms.
Unloading 1128 Unused Serialized files (Serialized files now loaded: 0)
System memory in use before: 70.0 MB.
System memory in use after: 70.1 MB.

Unloading 5 unused Assets to reduce memory usage. Loaded Objects now: 1597.
Total: 1.528600 ms (FindLiveObjects: 0.169500 ms CreateObjectMapping: 0.027800 ms MarkObjects: 1.263500 ms  DeleteObjects: 0.066500 ms)

========================================================================
Received Import Request.
  Time since last request: 976.649561 seconds.
  path: Assets/Scripts/PointConter.cs
  artifactKey: Guid(99d6b523b4f13414d804aa6a2fe3aaab) Importer(815301076,1909f56bfc062723c751e8b465ee728b)
Start importing Assets/Scripts/PointConter.cs using Guid(99d6b523b4f13414d804aa6a2fe3aaab) Importer(815301076,1909f56bfc062723c751e8b465ee728b)  -> (artifact id: 'ac9d4a40f46276a775e158ecac4b53f7') in 0.009292 seconds
  Import took 0.011180 seconds .

========================================================================
Received Import Request.
  Time since last request: 0.000435 seconds.
  path: Assets/Scripts/PointConter.cs
  artifactKey: Guid(99d6b523b4f13414d804aa6a2fe3aaab) Importer(815301076,1909f56bfc062723c751e8b465ee728b)
Start importing Assets/Scripts/PointConter.cs using Guid(99d6b523b4f13414d804aa6a2fe3aaab) Importer(815301076,1909f56bfc062723c751e8b465ee728b)  -> (artifact id: 'ac9d4a40f46276a775e158ecac4b53f7') in 0.001625 seconds
  Import took 0.003353 seconds .

AssetImportWorkerClient::OnTransportError - code=2 error=End of file
